[01/19/2023 14:31:29]:           __             _       
[01/19/2023 14:31:29]:   _ __   / /  ___   __ _(_)_ __  
[01/19/2023 14:31:29]:  | '_ \ / /  / _ \ / _` | | '_ \ 
[01/19/2023 14:31:29]:  | | | / /__| (_) | (_| | | | | |
[01/19/2023 14:31:29]:  |_| |_\____/\___/ \__, |_|_| |_|
[01/19/2023 14:31:29]:                   |___/            
[01/19/2023 14:31:29]:  By: www.nickuc.com - V 10.1.12
[01/19/2023 14:31:29]: 
[01/19/2023 14:31:29]: §3[nLogin] [DEBUG] Detecting hardware and software configurations...
[01/19/2023 14:31:30]: §3[nLogin] [DEBUG] All settings were loaded in 234 ms.
[01/19/2023 14:31:30]: §3[nLogin] [DEBUG] Loading the messages_br.yml message file...
[01/19/2023 14:31:30]: §3[nLogin] [DEBUG] Loading the messages_en.yml message file...
[01/19/2023 14:31:30]: §3[nLogin] [DEBUG] Loading the messages_es.yml message file...
[01/19/2023 14:31:30]: §3[nLogin] [DEBUG] Loading the messages_pl.yml message file...
[01/19/2023 14:31:30]: §3[nLogin] [DEBUG] Loading the messages_ru.yml message file...
[01/19/2023 14:31:30]: §3[nLogin] [DEBUG] Loading the messages_fr.yml message file...
[01/19/2023 14:31:30]: §3[nLogin] [DEBUG] Loading the messages_lt.yml message file...
[01/19/2023 14:31:30]: §3[nLogin] [DEBUG] Loading the messages_de.yml message file...
[01/19/2023 14:31:30]: §3[nLogin] [DEBUG] Loading the messages_tr.yml message file...
[01/19/2023 14:31:30]: §3[nLogin] [DEBUG] Loading the messages_hu.yml message file...
[01/19/2023 14:31:30]: §3[nLogin] [DEBUG] Loading the messages_cn.yml message file...
[01/19/2023 14:31:30]: §3[nLogin] [DEBUG] Loading the messages_cz.yml message file...
[01/19/2023 14:31:30]: §3[nLogin] [DEBUG] Loading the messages_ro.yml message file...
[01/19/2023 14:31:30]: §3[nLogin] [DEBUG] Loading the messages_ua.yml message file...
[01/19/2023 14:31:30]: §3[nLogin] [DEBUG] Loading the messages_id.yml message file...
[01/19/2023 14:31:30]: §3[nLogin] [DEBUG] All plugin messages were loaded in 83 ms (languageByClient=true).
[01/19/2023 14:31:30]: §3[nLogin] [DEBUG] All proxy settings were loaded in 0 ms.
[01/19/2023 14:31:30]: §3[nLogin] [DEBUG] Starting logger filter...
[01/19/2023 14:31:30]: §3[nLogin] [DEBUG] Loading database...
[01/19/2023 14:31:30]: [nLogin] nLogin was loaded in 926ms.
[01/19/2023 14:32:03]: §3[nLogin] [DEBUG] [SQLite] [UPDATE]: "UPDATE `nlogin` SET `realname` = 'nVietUK', `uniqueId` = 0b2bc3919d263493b6ffd4727ac84b86,  `premiumId` = null,  `premium` = -1,  `password` = '$SHA512$3e2cd94ee69b84928971d6b84cce15f867c2f00667ed735c38f8fc022d37f14ca3d3630c793e35377354a80bb4b6cd2298c976fb3e1e361ca79655f8a0e36386$AotmttAKTcIDYoGzntyechDp', `address` = '27.77.191.176', `regdate` = 2023-01-19 14:32:03.152, `lastlogin` = 2023-01-19 14:32:03.152, `email` = null, `twitter` = null, `discord` = null, `settings` = '{"settings":[{"value":"ans3hyCYfKqobLf3ZVHjrNFEepbMjfdCu5XcWXGxHX/4zQfl5FT+GIYZKOnzpUB5ijtl/t2Gflb3ADZsGDfk2vGbOQdtenBBZLlj0D/NzFgrUyyq7/5r3iEojzRQLWpTkNqVN+Hks4qSBJNVDAomgA7r3VmxApxN9c007/I6wxNM9nPt/X/mf6hR6t4JbzhwNtlSgj9cJceslkYxX6LUFNStbkRUp++OYaITBCsPdzcXqij0/xfxjhK18r0v9U3wTyUoc0Jr25N5FsrDW0B2/JZc04UEZY0WGiAPcgIvKWZw/k7ogdG3eUFzLS7Qf3iUPD3VkQrcJ58GSRz5ljATliCcy7nl4NiRGth21y+hLxE9rGSnZzIVjiekBzQGd+XjvpBwxPs6zY79a0befuZ/QV+SG49AnNAffOWmPi1Bxwa212GtWzV0da2xCs2Yp8DYu1tqMZDHNFFEjd66dFnFMUUrdD5WJdQ375cppnEvsc29KWHP+Qgt84ElKqHov1UTbVipFUc4Y88MMJAh6jN3Q8PkOphqCzx46QQbCglK6MJVM7VMuCHj90x5YrydqASu1KqJtVb+9zucpRS0HgOkg8FwhPEKYqzaWMmmdrnz82XP3ecs7JsQSGZPr3hfHRgDivAoBlIEzfbMeAbbFQDiIsqRL1ZijH7rNrVm5kQmhus=:1aPGhSfFuUOOGfWiGEChX6Cwt6VcXLY/3SwjBd4+yQxzVPUQlU6uTh3b/1EIq0CsxdTQPBDn1Npdr3n0PxWoYg==","key":"encrypted"}],"version":0}' WHERE `id` = 1"
[01/19/2023 14:32:03]: [nLogin] The user nVietUK has successfully registered.
